2025-06-16 17:09:31,244 [INFO] Connecting to MQTT broker...
2025-06-16 17:09:31,249 [INFO] [31m[1mWARNING: This is a development server. Do not use it in a production deployment. Use a production WSGI server instead.[0m
 * Running on http://127.0.0.1:5000
2025-06-16 17:09:31,249 [INFO] [33mPress CTRL+C to quit[0m
2025-06-16 17:09:31,269 [INFO] Subscribed to MQTT topics.
2025-06-16 17:09:41,241 [DEBUG] Received update from Telegram
2025-06-16 17:09:41,242 [DEBUG] Command /info_plant from 1419727395
2025-06-16 17:09:41,242 [DEBUG] Generated response: {'method': 'sendMessage', 'chat_id': 1419727395, 'text': '🔒 You must be logged in to use this command.'}
2025-06-16 17:09:41,250 [DEBUG] Starting new HTTPS connection (1): api.telegram.org:443
2025-06-16 17:09:41,843 [DEBUG] https://api.telegram.org:443 "POST /bot7581089785:AAFWsVDeSsgisYHcs9HsEYW9Bt4sKh74SQc/sendMessage HTTP/1.1" 200 310
2025-06-16 17:09:41,844 [INFO] Response sent to Telegram: 200
2025-06-16 17:09:41,845 [INFO] 127.0.0.1 - - [16/Jun/2025 17:09:41] "POST /webhook HTTP/1.1" 200 -
2025-06-16 17:09:56,601 [DEBUG] Received update from Telegram
2025-06-16 17:09:56,601 [DEBUG] Command /start from 1419727395
2025-06-16 17:09:56,601 [DEBUG] Generated response: {'method': 'sendMessage', 'chat_id': 1419727395, 'text': '🌱 Welcome to the Smart Plant bot!\n\nHere are the available commands:\n/help: Shows the list of available commands\n/info: Information about the Smart Plant project\n/login: Log in with username and password\n/register: Create a new account\n/assistance: Contact support in case of issues'}
2025-06-16 17:09:56,604 [DEBUG] Starting new HTTPS connection (1): api.telegram.org:443
2025-06-16 17:09:57,204 [DEBUG] https://api.telegram.org:443 "POST /bot7581089785:AAFWsVDeSsgisYHcs9HsEYW9Bt4sKh74SQc/sendMessage HTTP/1.1" 200 802
2025-06-16 17:09:57,205 [INFO] Response sent to Telegram: 200
2025-06-16 17:09:57,207 [INFO] 127.0.0.1 - - [16/Jun/2025 17:09:57] "POST /webhook HTTP/1.1" 200 -
2025-06-16 17:10:07,864 [DEBUG] Received update from Telegram
2025-06-16 17:10:07,865 [DEBUG] Command /login from 1419727395
2025-06-16 17:10:07,865 [DEBUG] Generated response: {'method': 'sendMessage', 'chat_id': 1419727395, 'text': '🔑 Please enter your username:'}
2025-06-16 17:10:07,868 [DEBUG] Starting new HTTPS connection (1): api.telegram.org:443
2025-06-16 17:10:08,467 [DEBUG] https://api.telegram.org:443 "POST /bot7581089785:AAFWsVDeSsgisYHcs9HsEYW9Bt4sKh74SQc/sendMessage HTTP/1.1" 200 295
2025-06-16 17:10:08,468 [INFO] Response sent to Telegram: 200
2025-06-16 17:10:08,469 [INFO] 127.0.0.1 - - [16/Jun/2025 17:10:08] "POST /webhook HTTP/1.1" 200 -
2025-06-16 17:10:29,888 [DEBUG] Received update from Telegram
2025-06-16 17:10:29,889 [DEBUG] Generated response: {'method': 'sendMessage', 'chat_id': 1419727395, 'text': '🔐 Please enter your password:'}
2025-06-16 17:10:29,892 [DEBUG] Starting new HTTPS connection (1): api.telegram.org:443
2025-06-16 17:10:30,381 [DEBUG] https://api.telegram.org:443 "POST /bot7581089785:AAFWsVDeSsgisYHcs9HsEYW9Bt4sKh74SQc/sendMessage HTTP/1.1" 200 295
2025-06-16 17:10:30,381 [INFO] Response sent to Telegram: 200
2025-06-16 17:10:30,383 [INFO] 127.0.0.1 - - [16/Jun/2025 17:10:30] "POST /webhook HTTP/1.1" 200 -
2025-06-16 17:11:01,112 [DEBUG] Received update from Telegram
2025-06-16 17:11:01,807 [DEBUG] Generated response: {'method': 'sendMessage', 'chat_id': 1419727395, 'text': "✅ Welcome Test!\n\nHere are the available commands:\n/help: Shows the list of available commands\n/info: Information about the Smart Plant project\n/add_plant: Add a new plant to your smart pot\n/remove_plant: Remove an existing plant\n/assistance: Contact support in case of issues\n/info_plant: Returns the saved plant's information\n/stat_plant: Displays the plant's statistics for the past 7 days\n/get_data_now: Returns the current measurements of the plant at this exact moment\n/modify_plant: Edit plant parameters (name, soil, temperature, humidity)"}
2025-06-16 17:11:01,810 [DEBUG] Starting new HTTPS connection (1): api.telegram.org:443
2025-06-16 17:11:02,329 [DEBUG] https://api.telegram.org:443 "POST /bot7581089785:AAFWsVDeSsgisYHcs9HsEYW9Bt4sKh74SQc/sendMessage HTTP/1.1" 200 1258
2025-06-16 17:11:02,330 [INFO] Response sent to Telegram: 200
2025-06-16 17:11:02,331 [INFO] 127.0.0.1 - - [16/Jun/2025 17:11:02] "POST /webhook HTTP/1.1" 200 -
2025-06-16 17:11:18,520 [DEBUG] Received update from Telegram
2025-06-16 17:11:18,521 [DEBUG] Command /info_plant from 1419727395
2025-06-16 17:11:18,550 [DEBUG] Generated response: {'method': 'sendMessage', 'chat_id': 1419727395, 'text': '🌿 You have no registered plants.'}
2025-06-16 17:11:18,553 [DEBUG] Starting new HTTPS connection (1): api.telegram.org:443
2025-06-16 17:11:19,122 [DEBUG] https://api.telegram.org:443 "POST /bot7581089785:AAFWsVDeSsgisYHcs9HsEYW9Bt4sKh74SQc/sendMessage HTTP/1.1" 200 298
2025-06-16 17:11:19,123 [INFO] Response sent to Telegram: 200
2025-06-16 17:11:19,125 [INFO] 127.0.0.1 - - [16/Jun/2025 17:11:19] "POST /webhook HTTP/1.1" 200 -
