2025-06-23 16:01:27,512 [DEBUG] {"message": "Server heartbeat started", "topologyId": {"$oid": "68595e37777a6b8d06c2d417"}, "driverConnectionId": 1, "serverHost": "localhost", "serverPort": 27017, "awaited": false}
2025-06-23 16:01:27,514 [DEBUG] {"message": "Server heartbeat succeeded", "topologyId": {"$oid": "68595e37777a6b8d06c2d417"}, "driverConnectionId": 1, "serverConnectionId": 7, "serverHost": "localhost", "serverPort": 27017, "awaited": false, "durationMS": 0.0, "reply": "{\"helloOk\": true, \"ismaster\": true, \"topologyVersion\": {\"processId\": {\"$oid\": \"685952bdbb3b9fec13385df6\"}}, \"maxBsonObjectSize\": 16777216, \"maxMessageSizeBytes\": 48000000, \"maxWriteBatchSize\": 100000, \"localTime\": {\"$date\": \"2025-06-23T14:01:27.514Z\"}, \"logicalSessionTimeoutMinutes\": 30, \"connectionId\": 7, \"maxWireVersion\": 25, \"ok\": 1.0}"}
2025-06-23 16:01:27,515 [DEBUG] {"message": "Connection pool ready", "clientId": {"$oid": "68595e37777a6b8d06c2d417"}, "serverHost": "localhost", "serverPort": 27017}
2025-06-23 16:01:27,516 [DEBUG] {"message": "Topology description changed", "topologyId": {"$oid": "68595e37777a6b8d06c2d417"}, "previousDescription": "<TopologyDescription id: 68595e37777a6b8d06c2d417, topology_type: Unknown, servers: [<ServerDescription ('localhost', 27017) server_type: Unknown, rtt: None>]>", "newDescription": "<TopologyDescription id: 68595e37777a6b8d06c2d417, topology_type: Single, servers: [<ServerDescription ('localhost', 27017) server_type: Standalone, rtt: 0.0>]>"}
2025-06-23 16:01:27,518 [DEBUG] {"message": "Server heartbeat started", "topologyId": {"$oid": "68595e37777a6b8d06c2d417"}, "driverConnectionId": 1, "serverConnectionId": 7, "serverHost": "localhost", "serverPort": 27017, "awaited": true}
2025-06-23 16:01:27,996 [INFO] Connecting to MQTT broker...
2025-06-23 16:01:27,999 [INFO] Subscribed to MQTT topics.
2025-06-23 16:01:28,004 [INFO] [31m[1mWARNING: This is a development server. Do not use it in a production deployment. Use a production WSGI server instead.[0m
 * Running on http://127.0.0.1:5000
2025-06-23 16:01:28,004 [INFO] [33mPress CTRL+C to quit[0m
2025-06-23 16:01:51,668 [DEBUG] Received update from Telegram
2025-06-23 16:01:51,668 [DEBUG] Command /help from 1419727395
2025-06-23 16:01:51,668 [DEBUG] Generated response: {'method': 'sendMessage', 'chat_id': 1419727395, 'text': '📋 Available commands:\n\n/help: Shows the list of available commands\n/info: Information about the Smart Plant project\n/login: Log in with username and password\n/register: Create a new account\n/assistance: Contact support in case of issues'}
2025-06-23 16:01:51,677 [DEBUG] Starting new HTTPS connection (1): api.telegram.org:443
2025-06-23 16:01:52,118 [DEBUG] https://api.telegram.org:443 "POST /bot7581089785:AAFWsVDeSsgisYHcs9HsEYW9Bt4sKh74SQc/sendMessage HTTP/1.1" 200 755
2025-06-23 16:01:52,119 [INFO] Response sent to Telegram: 200
2025-06-23 16:01:52,121 [INFO] 127.0.0.1 - - [23/Jun/2025 16:01:52] "POST /webhook HTTP/1.1" 200 -
2025-06-23 16:01:52,211 [DEBUG] Received update from Telegram
2025-06-23 16:01:52,211 [DEBUG] Command /help from 1419727395
2025-06-23 16:01:52,211 [DEBUG] Generated response: {'method': 'sendMessage', 'chat_id': 1419727395, 'text': '📋 Available commands:\n\n/help: Shows the list of available commands\n/info: Information about the Smart Plant project\n/login: Log in with username and password\n/register: Create a new account\n/assistance: Contact support in case of issues'}
2025-06-23 16:01:52,215 [DEBUG] Starting new HTTPS connection (1): api.telegram.org:443
2025-06-23 16:01:52,682 [DEBUG] https://api.telegram.org:443 "POST /bot7581089785:AAFWsVDeSsgisYHcs9HsEYW9Bt4sKh74SQc/sendMessage HTTP/1.1" 200 755
2025-06-23 16:01:52,683 [INFO] Response sent to Telegram: 200
2025-06-23 16:01:52,684 [INFO] 127.0.0.1 - - [23/Jun/2025 16:01:52] "POST /webhook HTTP/1.1" 200 -
2025-06-23 16:01:52,789 [DEBUG] Received update from Telegram
2025-06-23 16:01:52,789 [DEBUG] Command /help from 1419727395
2025-06-23 16:01:52,789 [DEBUG] Generated response: {'method': 'sendMessage', 'chat_id': 1419727395, 'text': '📋 Available commands:\n\n/help: Shows the list of available commands\n/info: Information about the Smart Plant project\n/login: Log in with username and password\n/register: Create a new account\n/assistance: Contact support in case of issues'}
2025-06-23 16:01:52,793 [DEBUG] Starting new HTTPS connection (1): api.telegram.org:443
2025-06-23 16:01:53,093 [DEBUG] https://api.telegram.org:443 "POST /bot7581089785:AAFWsVDeSsgisYHcs9HsEYW9Bt4sKh74SQc/sendMessage HTTP/1.1" 200 755
2025-06-23 16:01:53,093 [INFO] Response sent to Telegram: 200
2025-06-23 16:01:53,095 [INFO] 127.0.0.1 - - [23/Jun/2025 16:01:53] "POST /webhook HTTP/1.1" 200 -
2025-06-23 16:01:53,186 [DEBUG] Received update from Telegram
2025-06-23 16:01:53,186 [DEBUG] Command /help from 1419727395
2025-06-23 16:01:53,187 [DEBUG] Generated response: {'method': 'sendMessage', 'chat_id': 1419727395, 'text': '📋 Available commands:\n\n/help: Shows the list of available commands\n/info: Information about the Smart Plant project\n/login: Log in with username and password\n/register: Create a new account\n/assistance: Contact support in case of issues'}
2025-06-23 16:01:53,190 [DEBUG] Starting new HTTPS connection (1): api.telegram.org:443
2025-06-23 16:01:53,563 [DEBUG] https://api.telegram.org:443 "POST /bot7581089785:AAFWsVDeSsgisYHcs9HsEYW9Bt4sKh74SQc/sendMessage HTTP/1.1" 200 755
2025-06-23 16:01:53,563 [INFO] Response sent to Telegram: 200
2025-06-23 16:01:53,565 [INFO] 127.0.0.1 - - [23/Jun/2025 16:01:53] "POST /webhook HTTP/1.1" 200 -
2025-06-23 16:01:53,651 [DEBUG] Received update from Telegram
2025-06-23 16:01:53,652 [DEBUG] Command /help from 1419727395
2025-06-23 16:01:53,652 [DEBUG] Generated response: {'method': 'sendMessage', 'chat_id': 1419727395, 'text': '📋 Available commands:\n\n/help: Shows the list of available commands\n/info: Information about the Smart Plant project\n/login: Log in with username and password\n/register: Create a new account\n/assistance: Contact support in case of issues'}
2025-06-23 16:01:53,655 [DEBUG] Starting new HTTPS connection (1): api.telegram.org:443
2025-06-23 16:01:54,015 [DEBUG] https://api.telegram.org:443 "POST /bot7581089785:AAFWsVDeSsgisYHcs9HsEYW9Bt4sKh74SQc/sendMessage HTTP/1.1" 200 755
2025-06-23 16:01:54,015 [INFO] Response sent to Telegram: 200
2025-06-23 16:01:54,017 [INFO] 127.0.0.1 - - [23/Jun/2025 16:01:54] "POST /webhook HTTP/1.1" 200 -
2025-06-23 16:01:54,112 [DEBUG] Received update from Telegram
2025-06-23 16:01:54,112 [DEBUG] Command /help from 1419727395
2025-06-23 16:01:54,113 [DEBUG] Generated response: {'method': 'sendMessage', 'chat_id': 1419727395, 'text': '📋 Available commands:\n\n/help: Shows the list of available commands\n/info: Information about the Smart Plant project\n/login: Log in with username and password\n/register: Create a new account\n/assistance: Contact support in case of issues'}
2025-06-23 16:01:54,117 [DEBUG] Starting new HTTPS connection (1): api.telegram.org:443
2025-06-23 16:01:54,411 [DEBUG] https://api.telegram.org:443 "POST /bot7581089785:AAFWsVDeSsgisYHcs9HsEYW9Bt4sKh74SQc/sendMessage HTTP/1.1" 200 755
2025-06-23 16:01:54,412 [INFO] Response sent to Telegram: 200
2025-06-23 16:01:54,413 [INFO] 127.0.0.1 - - [23/Jun/2025 16:01:54] "POST /webhook HTTP/1.1" 200 -
2025-06-23 16:01:54,502 [DEBUG] Received update from Telegram
2025-06-23 16:01:54,502 [DEBUG] Command /help from 1419727395
2025-06-23 16:01:54,503 [DEBUG] Generated response: {'method': 'sendMessage', 'chat_id': 1419727395, 'text': '📋 Available commands:\n\n/help: Shows the list of available commands\n/info: Information about the Smart Plant project\n/login: Log in with username and password\n/register: Create a new account\n/assistance: Contact support in case of issues'}
2025-06-23 16:01:54,506 [DEBUG] Starting new HTTPS connection (1): api.telegram.org:443
2025-06-23 16:01:54,823 [DEBUG] https://api.telegram.org:443 "POST /bot7581089785:AAFWsVDeSsgisYHcs9HsEYW9Bt4sKh74SQc/sendMessage HTTP/1.1" 200 755
2025-06-23 16:01:54,823 [INFO] Response sent to Telegram: 200
2025-06-23 16:01:54,825 [INFO] 127.0.0.1 - - [23/Jun/2025 16:01:54] "POST /webhook HTTP/1.1" 200 -
2025-06-23 16:02:14,777 [DEBUG] Received update from Telegram
2025-06-23 16:02:14,778 [DEBUG] Command  from None
2025-06-23 16:02:14,778 [DEBUG] Generated response: None
2025-06-23 16:02:14,779 [INFO] 127.0.0.1 - - [23/Jun/2025 16:02:14] "POST /webhook HTTP/1.1" 200 -
2025-06-23 16:02:14,946 [DEBUG] Received update from Telegram
2025-06-23 16:02:14,947 [DEBUG] Command  from None
2025-06-23 16:02:14,947 [DEBUG] Generated response: None
2025-06-23 16:02:14,948 [INFO] 127.0.0.1 - - [23/Jun/2025 16:02:14] "POST /webhook HTTP/1.1" 200 -
2025-06-23 16:02:15,045 [DEBUG] Received update from Telegram
2025-06-23 16:02:15,046 [DEBUG] Command  from None
2025-06-23 16:02:15,046 [DEBUG] Generated response: None
2025-06-23 16:02:15,047 [INFO] 127.0.0.1 - - [23/Jun/2025 16:02:15] "POST /webhook HTTP/1.1" 200 -
2025-06-23 16:02:15,156 [DEBUG] Received update from Telegram
2025-06-23 16:02:15,156 [DEBUG] Command  from None
2025-06-23 16:02:15,157 [DEBUG] Generated response: None
2025-06-23 16:02:15,157 [INFO] 127.0.0.1 - - [23/Jun/2025 16:02:15] "POST /webhook HTTP/1.1" 200 -
